<?xml version="1.0" encoding="UTF-8"?>
<!-- Generated by org.testng.reporters.JUnitReportReporter -->
<testsuite skipped="0" hostname="DESKTOP-IUIGTE3" name="testClass.AmazonTestClass" tests="1" failures="0" timestamp="2021-06-05T16:32:50 IST" time="0.791" errors="0">
  <testcase name="fillFOrm" time="0.791" classname="testClass.AmazonTestClass"/>
  <system-out/>
</testsuite> <!-- testClass.AmazonTestClass -->
