<?xml version="1.0" encoding="UTF-8"?>
<!-- Generated by org.testng.reporters.JUnitReportReporter -->
<testsuite skipped="0" hostname="DESKTOP-IUIGTE3" name="TestClassesAdminDemo.AdminDemoTestCase1" tests="2" failures="0" timestamp="2021-09-14T09:33:56 IST" time="51.131" errors="0">
  <testcase name="verifyPendingOrders" time="25.261" classname="TestClassesAdminDemo.AdminDemoTestCase1"/>
  <system-out>
inside the sales tab method  </system-out>
  <testcase name="printTabledata" time="25.870" classname="TestClassesAdminDemo.AdminDemoTestCase1"/>
  <system-out/>
</testsuite> <!-- TestClassesAdminDemo.AdminDemoTestCase1 -->
