<?xml version="1.0" encoding="UTF-8"?>
<!-- Generated by org.testng.reporters.JUnitReportReporter -->
<testsuite skipped="0" hostname="DESKTOP-IUIGTE3" name="testClassAmazon.AmazonTestClass" tests="1" failures="0" timestamp="2021-07-28T14:43:27 IST" time="0.766" errors="0">
  <testcase name="fillFOrm" time="0.766" classname="testClassAmazon.AmazonTestClass"/>
  <system-out/>
</testsuite> <!-- testClassAmazon.AmazonTestClass -->
