<?xml version="1.0" encoding="UTF-8"?>
<!-- Generated by org.testng.reporters.JUnitReportReporter -->
<testsuite skipped="0" hostname="DESKTOP-IUIGTE3" name="baseClass.OpenBrowsers" tests="1" failures="0" timestamp="2021-05-01T17:16:43 IST" time="8.276" errors="0">
  <testcase name="open_Browser" time="8.276" classname="baseClass.OpenBrowsers"/>
  <system-out/>
</testsuite> <!-- baseClass.OpenBrowsers -->
