<?xml version="1.0" encoding="UTF-8"?>
<!-- Generated by org.testng.reporters.JUnitReportReporter -->
<testsuite skipped="0" hostname="DESKTOP-IUIGTE3" name="testClass.FlipkartTestCase1" tests="1" failures="0" timestamp="2021-08-09T13:41:37 IST" time="15.357" errors="0">
  <testcase name="VerfiyUserProfile" time="15.357" classname="testClass.FlipkartTestCase1"/>
  <system-out/>
</testsuite> <!-- testClass.FlipkartTestCase1 -->
