<?xml version="1.0" encoding="UTF-8"?>
<!-- Generated by org.testng.reporters.JUnitReportReporter -->
<testsuite skipped="0" hostname="DESKTOP-IUIGTE3" name="FlipkartTestCase1" tests="1" failures="0" timestamp="2021-06-04T11:33:09 IST" time="40.292" errors="0">
  <testcase name="VerfiyUserProfile" time="40.292" classname="FlipkartTestCase1"/>
  <system-out/>
</testsuite> <!-- FlipkartTestCase1 -->
