<?xml version="1.0" encoding="UTF-8"?>
<!-- Generated by org.testng.reporters.JUnitReportReporter -->
<testsuite skipped="0" hostname="DESKTOP-IUIGTE3" name="automationProject.Kite_ProjectTest" tests="1" failures="0" timestamp="2021-04-19T14:01:13 IST" time="8.584" errors="0">
  <testcase name="verifyProfile_Name" time="8.584" classname="automationProject.Kite_ProjectTest"/>
  <system-out/>
</testsuite> <!-- automationProject.Kite_ProjectTest -->
