<?xml version="1.0" encoding="UTF-8"?>
<!-- Generated by org.testng.reporters.JUnitReportReporter -->
<testsuite skipped="0" hostname="DESKTOP-IUIGTE3" name="automationProject.kiteTestProperties" tests="1" failures="0" timestamp="2021-05-01T00:37:00 IST" time="3.336" errors="0">
  <testcase name="verifyProfile_Name" time="3.336" classname="automationProject.kiteTestProperties"/>
  <system-out/>
</testsuite> <!-- automationProject.kiteTestProperties -->
