<?xml version="1.0" encoding="UTF-8"?>
<!-- Generated by org.testng.reporters.JUnitReportReporter -->
<testsuite skipped="0" hostname="DESKTOP-IUIGTE3" name="demo_1.ParallelTesting2" tests="2" failures="0" timestamp="2021-06-05T17:14:00 IST" time="45.851" errors="0">
  <testcase name="TC1" time="22.989" classname="demo_1.ParallelTesting2"/>
  <system-out/>
  <testcase name="TC1" time="22.862" classname="demo_1.ParallelTesting2"/>
  <system-out/>
</testsuite> <!-- demo_1.ParallelTesting2 -->
