<?xml version="1.0" encoding="UTF-8"?>
<!-- Generated by org.testng.reporters.JUnitReportReporter -->
<testsuite skipped="0" hostname="DESKTOP-IUIGTE3" name="practice.DemoClassOfSuite" tests="1" failures="0" timestamp="2021-04-14T13:26:14 IST" time="0.023" errors="0">
  <testcase name="TC1" time="0.023" classname="practice.DemoClassOfSuite"/>
  <system-out>
running test TC1  </system-out>
</testsuite> <!-- practice.DemoClassOfSuite -->
