<?xml version="1.0" encoding="UTF-8"?>
<!-- Generated by org.testng.reporters.JUnitReportReporter -->
<testsuite skipped="0" hostname="DESKTOP-IUIGTE3" name="practice.Sample_1" tests="2" failures="0" timestamp="2021-04-14T13:26:14 IST" time="0.011" errors="0">
  <testcase name="TC5" time="0.006" classname="practice.Sample_1"/>
  <system-out>
running TC5..  </system-out>
  <testcase name="Tc1" time="0.005" classname="practice.Sample_1"/>
  <system-out>
running Tc1...  </system-out>
</testsuite> <!-- practice.Sample_1 -->
