<?xml version="1.0" encoding="UTF-8"?>
<!-- Generated by org.testng.reporters.JUnitReportReporter -->
<testsuite skipped="0" hostname="DESKTOP-IUIGTE3" name="practice.Grouping2" tests="1" failures="0" timestamp="2021-04-14T13:32:41 IST" time="0.010" errors="0">
  <testcase name="TC4" time="0.010" classname="practice.Grouping2"/>
  <system-out>
running TC4...  </system-out>
</testsuite> <!-- practice.Grouping2 -->
