<?xml version="1.0" encoding="UTF-8"?>
<!-- Generated by org.testng.reporters.JUnitReportReporter -->
<testsuite skipped="0" hostname="DESKTOP-IUIGTE3" name="demo_1.CrossBrowserCompabilityTesting" tests="2" failures="0" timestamp="2021-06-05T17:12:25 IST" time="24.692" errors="0">
  <testcase name="TC1" time="13.623" classname="demo_1.CrossBrowserCompabilityTesting"/>
  <system-out/>
  <testcase name="TC1" time="11.069" classname="demo_1.CrossBrowserCompabilityTesting"/>
  <system-out/>
</testsuite> <!-- demo_1.CrossBrowserCompabilityTesting -->
