<?xml version="1.0" encoding="UTF-8"?>
<!-- Generated by org.testng.reporters.JUnitReportReporter -->
<testsuite skipped="0" hostname="DESKTOP-IUIGTE3" name="demo_1.LearnAnnotations" tests="2" failures="0" timestamp="2021-06-21T11:00:46 IST" time="0.016" errors="0">
  <testcase name="m1" time="0.016" classname="demo_1.LearnAnnotations"/>
  <system-out>
runing test m1  </system-out>
  <testcase name="m2" time="0.000" classname="demo_1.LearnAnnotations"/>
  <system-out>
runnng to test m2   </system-out>
</testsuite> <!-- demo_1.LearnAnnotations -->
