<?xml version="1.0" encoding="UTF-8"?>
<!-- Generated by org.testng.reporters.JUnitReportReporter -->
<testsuite skipped="0" hostname="DESKTOP-IUIGTE3" name="practice_KiteSite.KiteLoginTestNGTest" tests="1" failures="0" timestamp="2021-04-13T10:52:11 IST" time="2.821" errors="0">
  <testcase name="VerifyPN_1" time="2.821" classname="practice_KiteSite.KiteLoginTestNGTest"/>
  <system-out/>
</testsuite> <!-- practice_KiteSite.KiteLoginTestNGTest -->
