<?xml version="1.0" encoding="UTF-8"?>
<!-- Generated by org.testng.reporters.JUnitReportReporter -->
<testsuite skipped="0" hostname="DESKTOP-IUIGTE3" name="demo_1.DemoProgram" tests="1" failures="0" timestamp="2021-04-06T22:15:33 IST" time="0.003" errors="0">
  <testcase name="m1" time="0.003" classname="demo_1.DemoProgram"/>
  <system-out>
hello  </system-out>
</testsuite> <!-- demo_1.DemoProgram -->
