<?xml version="1.0" encoding="UTF-8"?>
<!-- Generated by org.testng.reporters.JUnitReportReporter -->
<testsuite skipped="0" hostname="DESKTOP-IUIGTE3" name="practice.AssertExample" tests="1" failures="0" timestamp="2021-04-15T13:43:41 IST" time="0.010" errors="0">
  <testcase name="TC4" time="0.010" classname="practice.AssertExample"/>
  <system-out/>
</testsuite> <!-- practice.AssertExample -->
