<?xml version="1.0" encoding="UTF-8"?>
<!-- Generated by org.testng.reporters.JUnitReportReporter -->
<testsuite skipped="0" hostname="DESKTOP-IUIGTE3" name="practice.EmailableReport" tests="2" failures="0" timestamp="2021-04-11T23:18:05 IST" time="0.016" errors="0">
  <testcase name="TC2" time="0.000" classname="practice.EmailableReport"/>
  <system-out>
test case running  </system-out>
  <testcase name="TC1" time="0.016" classname="practice.EmailableReport"/>
  <system-out>
hello  </system-out>
</testsuite> <!-- practice.EmailableReport -->
