<?xml version="1.0" encoding="UTF-8"?>
<!-- Generated by org.testng.reporters.JUnitReportReporter -->
<testsuite skipped="0" hostname="DESKTOP-IUIGTE3" name="practice.Sample_2" tests="2" failures="0" timestamp="2021-04-14T13:16:23 IST" time="0.003" errors="0">
  <testcase name="Tc3" time="0.000" classname="practice.Sample_2"/>
  <system-out>
running Tc3...  </system-out>
  <testcase name="Tc4" time="0.003" classname="practice.Sample_2"/>
  <system-out>
running Tc4....  </system-out>
</testsuite> <!-- practice.Sample_2 -->
