<?xml version="1.0" encoding="UTF-8"?>
<!-- Generated by org.testng.reporters.JUnitReportReporter -->
<testsuite skipped="0" hostname="DESKTOP-IUIGTE3" name="demo_1.FailedTestCasesExecution" tests="1" failures="0" timestamp="2021-05-22T23:17:05 IST" time="0.011" errors="0">
  <testcase name="TC2" time="0.011" classname="demo_1.FailedTestCasesExecution"/>
  <system-out>
Running test case 2  </system-out>
</testsuite> <!-- demo_1.FailedTestCasesExecution -->
