<?xml version="1.0" encoding="UTF-8"?>
<!-- Generated by org.testng.reporters.JUnitReportReporter -->
<testsuite skipped="0" hostname="DESKTOP-IUIGTE3" name="logicalProgram.Pattern5" tests="3" failures="0" timestamp="2021-04-23T16:59:34 IST" time="0.025" errors="0">
  <testcase name="tc1" time="0.022" classname="logicalProgram.Pattern5"/>
  <system-out>
running test case tc1  </system-out>
  <testcase name="tc2" time="0.002" classname="logicalProgram.Pattern5"/>
  <system-out>
tc2  </system-out>
  <testcase name="tc3" time="0.001" classname="logicalProgram.Pattern5"/>
  <system-out>
tc3  </system-out>
</testsuite> <!-- logicalProgram.Pattern5 -->
