<?xml version="1.0" encoding="UTF-8"?>
<!-- Generated by org.testng.reporters.JUnitReportReporter -->
<testsuite skipped="0" hostname="DESKTOP-IUIGTE3" name="practice.Grouping1" tests="2" failures="0" timestamp="2021-04-14T13:32:41 IST" time="0.032" errors="0">
  <testcase name="TC2" time="0.024" classname="practice.Grouping1"/>
  <system-out>
running TC2...  </system-out>
  <testcase name="TC4" time="0.008" classname="practice.Grouping1"/>
  <system-out>
running TC4...  </system-out>
</testsuite> <!-- practice.Grouping1 -->
