<?xml version="1.0" encoding="UTF-8"?>
<!-- Generated by org.testng.reporters.JUnitReportReporter -->
<testsuite skipped="1" hostname="DESKTOP-IUIGTE3" name="demo_1.TestNgKeywords" tests="9" failures="0" timestamp="2021-04-06T22:15:33 IST" time="0.048" errors="0">
  <testcase name="TC1" time="0.001" classname="demo_1.TestNgKeywords"/>
  <system-out>
ruunig tc1  </system-out>
  <testcase name="TC3" time="0.019" classname="demo_1.TestNgKeywords"/>
  <system-out>
runnning test 3  </system-out>
  <testcase name="loginToApp1" time="0.002" classname="demo_1.TestNgKeywords"/>
  <system-out>
Running loginToapp1   </system-out>
  <testcase name="loginToApp2" time="0.002" classname="demo_1.TestNgKeywords"/>
  <system-out>
Running loginToapp2   </system-out>
  <testcase name="logOutFromApp" time="0.001" classname="demo_1.TestNgKeywords"/>
  <system-out>
ruuning logout from aapp  </system-out>
  <testcase name="TC3" time="0.001" classname="demo_1.TestNgKeywords"/>
  <system-out>
runnning test 3  </system-out>
  <testcase name="TC4" time="0.021" classname="demo_1.TestNgKeywords"/>
  <system-out>
running tc4  </system-out>
  <testcase name="TC3" time="0.001" classname="demo_1.TestNgKeywords"/>
  <system-out>
runnning test 3  </system-out>
  <testcase name="TC2" classname="demo_1.TestNgKeywords">
    <skipped/>
  </testcase> <!-- TC2 -->
  <system-out/>
</testsuite> <!-- demo_1.TestNgKeywords -->
