<?xml version="1.0" encoding="UTF-8"?>
<!-- Generated by org.testng.reporters.JUnitReportReporter -->
<testsuite skipped="0" hostname="DESKTOP-IUIGTE3" name="demo_1.Sample3" tests="2" failures="0" timestamp="2021-04-06T22:16:04 IST" time="0.005" errors="0">
  <testcase name="TC1" time="0.002" classname="demo_1.Sample3"/>
  <system-out>
Smaple3 Running test1  </system-out>
  <testcase name="TC2" time="0.003" classname="demo_1.Sample3"/>
  <system-out>
Smaple3 Running test2  </system-out>
</testsuite> <!-- demo_1.Sample3 -->
