<?xml version="1.0" encoding="UTF-8"?>
<!-- Generated by org.testng.reporters.JUnitReportReporter -->
<testsuite skipped="0" hostname="DESKTOP-IUIGTE3" name="demo_1.TestNgBasic" tests="2" failures="0" timestamp="2021-04-06T22:15:33 IST" time="0.017" errors="0">
  <testcase name="m2" time="0.002" classname="demo_1.TestNgBasic"/>
  <system-out>
Test m2  </system-out>
  <testcase name="m1" time="0.015" classname="demo_1.TestNgBasic"/>
  <system-out>
test m1  </system-out>
</testsuite> <!-- demo_1.TestNgBasic -->
