<?xml version="1.0" encoding="UTF-8"?>
<!-- Generated by org.testng.reporters.JUnitReportReporter -->
<testsuite skipped="0" hostname="DESKTOP-IUIGTE3" name="practice.SoftAssertExample" tests="1" failures="0" timestamp="2021-04-12T14:12:43 IST" time="0.025" errors="0">
  <testcase name="TC1" time="0.025" classname="practice.SoftAssertExample"/>
  <system-out/>
</testsuite> <!-- practice.SoftAssertExample -->
