<?xml version="1.0" encoding="UTF-8"?>
<!-- Generated by org.testng.reporters.JUnitReportReporter -->
<testsuite skipped="0" hostname="DESKTOP-IUIGTE3" name="demo_1.ParallelTesting1" tests="1" failures="0" timestamp="2021-06-05T17:14:00 IST" time="26.559" errors="0">
  <testcase name="TC1" time="26.559" classname="demo_1.ParallelTesting1"/>
  <system-out/>
</testsuite> <!-- demo_1.ParallelTesting1 -->
