<?xml version="1.0" encoding="UTF-8"?>
<!-- Generated by org.testng.reporters.JUnitReportReporter -->
<testsuite hostname="DESKTOP-IUIGTE3" name="TestExecution_NewOnboardRestaurant.TS_02_TestLogin" tests="1" failures="0" timestamp="15 Aug 2021 17:34:04 GMT" time="10.699" errors="0">
  <testcase name="Set_LoginCredentials" time="10.699" classname="TestExecution_NewOnboardRestaurant.TS_02_TestLogin"/>
</testsuite> <!-- TestExecution_NewOnboardRestaurant.TS_02_TestLogin -->
