<?xml version="1.0" encoding="UTF-8"?>
<!-- Generated by org.testng.reporters.JUnitReportReporter -->
<testsuite hostname="DESKTOP-IUIGTE3" name="TestExecution_NewOnboardRestaurant.TS_01_TestSignUp" tests="1" failures="0" timestamp="31 Aug 2021 18:54:20 GMT" time="11.570" errors="0">
  <testcase name="Set_SignUpCredentials" time="11.570" classname="TestExecution_NewOnboardRestaurant.TS_01_TestSignUp"/>
</testsuite> <!-- TestExecution_NewOnboardRestaurant.TS_01_TestSignUp -->
